2023.05.06 14:54:23 INFO  Started: Metals version 0.11.12 in workspace 'C:\Users\MOHAMMED RIZWAN\OneDrive\Desktop\FlaskMarket' for client Visual Studio Code 1.78.0.
May 06, 2023 2:54:23 PM org.flywaydb.core.internal.license.VersionPrinter printVersionOnly
INFO: Flyway Community Edition 9.16.3 by Redgate
May 06, 2023 2:54:23 PM org.flywaydb.core.internal.license.VersionPrinter printVersion
INFO: See release notes here: https://rd.gt/416ObMi
May 06, 2023 2:54:23 PM org.flywaydb.core.internal.license.VersionPrinter printVersion
INFO: 
May 06, 2023 2:54:24 PM org.flywaydb.core.internal.database.base.BaseDatabaseType createDatabase
INFO: Database: jdbc:h2:file:C:\Users\MOHAMMED RIZWAN\OneDrive\Desktop\FlaskMarket\.metals\metals (H2 2.1)
May 06, 2023 2:54:24 PM org.flywaydb.core.internal.schemahistory.JdbcTableSchemaHistory allAppliedMigrations
INFO: Schema history table "PUBLIC"."flyway_schema_history" does not exist yet
May 06, 2023 2:54:24 PM org.flywaydb.core.internal.command.DbValidate validate
INFO: Successfully validated 4 migrations (execution time 00:00.014s)
May 06, 2023 2:54:24 PM org.flywaydb.core.internal.schemahistory.JdbcTableSchemaHistory create
INFO: Creating Schema History table "PUBLIC"."flyway_schema_history" ...
May 06, 2023 2:54:24 PM org.flywaydb.core.internal.command.DbMigrate migrateGroup
INFO: Current version of schema "PUBLIC": << Empty Schema >>
May 06, 2023 2:54:24 PM org.flywaydb.core.internal.command.DbMigrate doMigrateGroup
INFO: Migrating schema "PUBLIC" to version "1 - Create tables"
May 06, 2023 2:54:24 PM org.flywaydb.core.internal.command.DbMigrate doMigrateGroup
INFO: Migrating schema "PUBLIC" to version "2 - Server discovery"
May 06, 2023 2:54:24 PM org.flywaydb.core.internal.command.DbMigrate doMigrateGroup
INFO: Migrating schema "PUBLIC" to version "3 - Jar symbols"
May 06, 2023 2:54:24 PM org.flywaydb.core.internal.command.DbMigrate doMigrateGroup
INFO: Migrating schema "PUBLIC" to version "4 - Fingerprints"
May 06, 2023 2:54:24 PM org.flywaydb.core.internal.command.DbMigrate logSummary
INFO: Successfully applied 4 migrations to schema "PUBLIC", now at version v4 (execution time 00:00.046s)
2023.05.06 14:54:24 INFO  time: initialize in 0.53s
2023.05.06 14:54:26 WARN  Build server is not auto-connectable.
2023.05.06 14:54:26 WARN  no build tool detected in workspace 'C:\Users\MOHAMMED RIZWAN\OneDrive\Desktop\FlaskMarket'. The most common cause for this problem is that the editor was opened in the wrong working directory, for example if you use sbt then the workspace directory should contain build.sbt. 
2023.05.06 14:55:55 INFO  Shutting down server
2023.05.06 14:55:55 INFO  shutting down Metals
2023.05.06 14:55:55 INFO  Exiting server
